# JRE version: Java(TM) SE Runtime Environment 18.9 (11.0.17+10) (build 11.0.17+10-LTS-269)
# Java VM: Java HotSpot(TM) 64-Bit Server VM 18.9 (11.0.17+10-LTS-269, mixed mode, tiered, compressed oops, g1 gc, windows-amd64)
Heap:
 garbage-first heap   total 600064K, used 158811K [0x0000000080000000, 0x0000000100000000)
  region size 1024K, 2 young (2048K), 2 survivors (2048K)
 Metaspace       used 105060K, capacity 108975K, committed 109176K, reserved 610304K
  class space    used 14063K, capacity 15620K, committed 15744K, reserved 516096K
GC Heap History (10 events):
Event: 53.788 GC heap after
{Heap after GC invocations=59 (full 0):
 garbage-first heap   total 226304K, used 127214K [0x0000000080000000, 0x0000000100000000)
  region size 1024K, 4 young (4096K), 4 survivors (4096K)
 Metaspace       used 101352K, capacity 104930K, committed 104952K, reserved 606208K
  class space    used 13613K, capacity 15093K, committed 15104K, reserved 516096K
}
Event: 54.435 GC heap before
{Heap before GC invocations=60 (full 0):
 garbage-first heap   total 226304K, used 165102K [0x0000000080000000, 0x0000000100000000)
  region size 1024K, 41 young (41984K), 4 survivors (4096K)
 Metaspace       used 102410K, capacity 106034K, committed 106232K, reserved 608256K
  class space    used 13751K, capacity 15240K, committed 15360K, reserved 516096K
}
Event: 54.593 GC heap after
{Heap after GC invocations=61 (full 0):
 garbage-first heap   total 300032K, used 131108K [0x0000000080000000, 0x0000000100000000)
  region size 1024K, 6 young (6144K), 6 survivors (6144K)
 Metaspace       used 102410K, capacity 106034K, committed 106232K, reserved 608256K
  class space    used 13751K, capacity 15240K, committed 15360K, reserved 516096K
}
Event: 55.940 GC heap before
{Heap before GC invocations=61 (full 0):
 garbage-first heap   total 300032K, used 196644K [0x0000000080000000, 0x0000000100000000)
  region size 1024K, 70 young (71680K), 6 survivors (6144K)
 Metaspace       used 102629K, capacity 106244K, committed 106488K, reserved 608256K
  class space    used 13770K, capacity 15243K, committed 15360K, reserved 516096K
}
Event: 55.960 GC heap after
{Heap after GC invocations=62 (full 0):
 garbage-first heap   total 300032K, used 139325K [0x0000000080000000, 0x0000000100000000)
  region size 1024K, 9 young (9216K), 9 survivors (9216K)
 Metaspace       used 102629K, capacity 106244K, committed 106488K, reserved 608256K
  class space    used 13770K, capacity 15243K, committed 15360K, reserved 516096K
}
Event: 57.313 GC heap before
{Heap before GC invocations=62 (full 0):
 garbage-first heap   total 300032K, used 186429K [0x0000000080000000, 0x0000000100000000)
  region size 1024K, 55 young (56320K), 9 survivors (9216K)
 Metaspace       used 102815K, capacity 106572K, committed 106744K, reserved 608256K
  class space    used 13786K, capacity 15261K, committed 15360K, reserved 516096K
}
Event: 57.358 GC heap after
{Heap after GC invocations=63 (full 0):
 garbage-first heap   total 300032K, used 148273K [0x0000000080000000, 0x0000000100000000)
  region size 1024K, 8 young (8192K), 8 survivors (8192K)
 Metaspace       used 102815K, capacity 106572K, committed 106744K, reserved 608256K
  class space    used 13786K, capacity 15261K, committed 15360K, reserved 516096K
}
Event: 61.016 GC heap before
{Heap before GC invocations=64 (full 0):
 garbage-first heap   total 300032K, used 214833K [0x0000000080000000, 0x0000000100000000)
  region size 1024K, 69 young (70656K), 8 survivors (8192K)
 Metaspace       used 105059K, capacity 108975K, committed 109176K, reserved 610304K
  class space    used 14063K, capacity 15620K, committed 15744K, reserved 516096K
}
Event: 61.050 GC heap after
{Heap after GC invocations=65 (full 0):
 garbage-first heap   total 300032K, used 156416K [0x0000000080000000, 0x0000000100000000)
  region size 1024K, 7 young (7168K), 7 survivors (7168K)
 Metaspace       used 105059K, capacity 108975K, committed 109176K, reserved 610304K
  class space    used 14063K, capacity 15620K, committed 15744K, reserved 516096K
}
Event: 61.081 GC heap before
{Heap before GC invocations=65 (full 0):
 garbage-first heap   total 300032K, used 156416K [0x0000000080000000, 0x0000000100000000)
  region size 1024K, 9 young (9216K), 7 survivors (7168K)
 Metaspace       used 105060K, capacity 108975K, committed 109176K, reserved 610304K
  class space    used 14063K, capacity 15620K, committed 15744K, reserved 516096K
}

