# JRE version: Java(TM) SE Runtime Environment 18.9 (11.0.17+10) (build 11.0.17+10-LTS-269)
# Java VM: Java HotSpot(TM) 64-Bit Server VM 18.9 (11.0.17+10-LTS-269, mixed mode, tiered, compressed oops, g1 gc, windows-amd64)
Heap:
 garbage-first heap   total 225280K, used 185494K [0x0000000080000000, 0x0000000100000000)
  region size 1024K, 3 young (3072K), 2 survivors (2048K)
 Metaspace       used 117922K, capacity 122670K, committed 122824K, reserved 622592K
  class space    used 15683K, capacity 17530K, committed 17536K, reserved 516096K
GC Heap History (10 events):
Event: 204.207 GC heap before
{Heap before GC invocations=143 (full 0):
 garbage-first heap   total 225280K, used 186692K [0x0000000080000000, 0x0000000100000000)
  region size 1024K, 11 young (11264K), 3 survivors (3072K)
 Metaspace       used 113918K, capacity 118595K, committed 118728K, reserved 618496K
  class space    used 15126K, capacity 16956K, committed 17024K, reserved 516096K
}
Event: 204.232 GC heap after
{Heap after GC invocations=144 (full 0):
 garbage-first heap   total 225280K, used 177618K [0x0000000080000000, 0x0000000100000000)
  region size 1024K, 2 young (2048K), 2 survivors (2048K)
 Metaspace       used 113918K, capacity 118595K, committed 118728K, reserved 618496K
  class space    used 15126K, capacity 16956K, committed 17024K, reserved 516096K
}
Event: 205.025 GC heap before
{Heap before GC invocations=144 (full 0):
 garbage-first heap   total 225280K, used 192978K [0x0000000080000000, 0x0000000100000000)
  region size 1024K, 17 young (17408K), 2 survivors (2048K)
 Metaspace       used 114363K, capacity 119024K, committed 119368K, reserved 618496K
  class space    used 15195K, capacity 17055K, committed 17152K, reserved 516096K
}
Event: 205.041 GC heap after
{Heap after GC invocations=145 (full 0):
 garbage-first heap   total 225280K, used 180977K [0x0000000080000000, 0x0000000100000000)
  region size 1024K, 3 young (3072K), 3 survivors (3072K)
 Metaspace       used 114363K, capacity 119024K, committed 119368K, reserved 618496K
  class space    used 15195K, capacity 17055K, committed 17152K, reserved 516096K
}
Event: 205.636 GC heap before
{Heap before GC invocations=145 (full 0):
 garbage-first heap   total 225280K, used 194289K [0x0000000080000000, 0x0000000100000000)
  region size 1024K, 16 young (16384K), 3 survivors (3072K)
 Metaspace       used 115656K, capacity 120342K, committed 120520K, reserved 620544K
  class space    used 15408K, capacity 17280K, committed 17280K, reserved 516096K
}
Event: 205.646 GC heap after
{Heap after GC invocations=146 (full 0):
 garbage-first heap   total 225280K, used 181687K [0x0000000080000000, 0x0000000100000000)
  region size 1024K, 1 young (1024K), 1 survivors (1024K)
 Metaspace       used 115656K, capacity 120342K, committed 120520K, reserved 620544K
  class space    used 15408K, capacity 17280K, committed 17280K, reserved 516096K
}
Event: 206.523 GC heap before
{Heap before GC invocations=146 (full 0):
 garbage-first heap   total 225280K, used 194999K [0x0000000080000000, 0x0000000100000000)
  region size 1024K, 14 young (14336K), 1 survivors (1024K)
 Metaspace       used 117705K, capacity 122384K, committed 122568K, reserved 622592K
  class space    used 15664K, capacity 17523K, committed 17536K, reserved 516096K
}
Event: 206.530 GC heap after
{Heap after GC invocations=147 (full 0):
 garbage-first heap   total 225280K, used 182562K [0x0000000080000000, 0x0000000100000000)
  region size 1024K, 2 young (2048K), 2 survivors (2048K)
 Metaspace       used 117705K, capacity 122384K, committed 122568K, reserved 622592K
  class space    used 15664K, capacity 17523K, committed 17536K, reserved 516096K
}
Event: 207.889 GC heap before
{Heap before GC invocations=148 (full 0):
 garbage-first heap   total 225280K, used 195874K [0x0000000080000000, 0x0000000100000000)
  region size 1024K, 15 young (15360K), 2 survivors (2048K)
 Metaspace       used 117922K, capacity 122670K, committed 122824K, reserved 622592K
  class space    used 15683K, capacity 17530K, committed 17536K, reserved 516096K
}
Event: 207.903 GC heap after
{Heap after GC invocations=149 (full 0):
 garbage-first heap   total 225280K, used 185494K [0x0000000080000000, 0x0000000100000000)
  region size 1024K, 2 young (2048K), 2 survivors (2048K)
 Metaspace       used 117922K, capacity 122670K, committed 122824K, reserved 622592K
  class space    used 15683K, capacity 17530K, committed 17536K, reserved 516096K
}

