# JRE version: Java(TM) SE Runtime Environment 18.9 (11.0.17+10) (build 11.0.17+10-LTS-269)
# Java VM: Java HotSpot(TM) 64-Bit Server VM 18.9 (11.0.17+10-LTS-269, mixed mode, tiered, compressed oops, g1 gc, windows-amd64)
Heap:
 garbage-first heap   total 129024K, used 55055K [0x0000000082600000, 0x0000000100000000)
  region size 1024K, 37 young (37888K), 2 survivors (2048K)
 Metaspace       used 42805K, capacity 43229K, committed 43600K, reserved 1087488K
  class space    used 5109K, capacity 5292K, committed 5376K, reserved 1048576K
GC Heap History (8 events):
Event: 2.234 GC heap before
{Heap before GC invocations=0 (full 0):
 garbage-first heap   total 129024K, used 27648K [0x0000000082600000, 0x0000000100000000)
  region size 1024K, 24 young (24576K), 0 survivors (0K)
 Metaspace       used 12161K, capacity 12310K, committed 12544K, reserved 1060864K
  class space    used 1153K, capacity 1207K, committed 1280K, reserved 1048576K
}
Event: 2.241 GC heap after
{Heap after GC invocations=1 (full 0):
 garbage-first heap   total 129024K, used 5813K [0x0000000082600000, 0x0000000100000000)
  region size 1024K, 3 young (3072K), 3 survivors (3072K)
 Metaspace       used 12161K, capacity 12310K, committed 12544K, reserved 1060864K
  class space    used 1153K, capacity 1207K, committed 1280K, reserved 1048576K
}
Event: 4.584 GC heap before
{Heap before GC invocations=1 (full 0):
 garbage-first heap   total 129024K, used 43701K [0x0000000082600000, 0x0000000100000000)
  region size 1024K, 41 young (41984K), 3 survivors (3072K)
 Metaspace       used 20893K, capacity 21086K, committed 21296K, reserved 1069056K
  class space    used 2248K, capacity 2313K, committed 2432K, reserved 1048576K
}
Event: 4.614 GC heap after
{Heap after GC invocations=2 (full 0):
 garbage-first heap   total 129024K, used 9216K [0x0000000082600000, 0x0000000100000000)
  region size 1024K, 6 young (6144K), 6 survivors (6144K)
 Metaspace       used 20893K, capacity 21086K, committed 21296K, reserved 1069056K
  class space    used 2248K, capacity 2313K, committed 2432K, reserved 1048576K
}
Event: 11.156 GC heap before
{Heap before GC invocations=3 (full 0):
 garbage-first heap   total 129024K, used 61440K [0x0000000082600000, 0x0000000100000000)
  region size 1024K, 52 young (53248K), 6 survivors (6144K)
 Metaspace       used 31734K, capacity 32150K, committed 32304K, reserved 1077248K
  class space    used 3995K, capacity 4182K, committed 4224K, reserved 1048576K
}
Event: 11.214 GC heap after
{Heap after GC invocations=4 (full 0):
 garbage-first heap   total 129024K, used 20576K [0x0000000082600000, 0x0000000100000000)
  region size 1024K, 7 young (7168K), 7 survivors (7168K)
 Metaspace       used 31734K, capacity 32150K, committed 32304K, reserved 1077248K
  class space    used 3995K, capacity 4182K, committed 4224K, reserved 1048576K
}
Event: 13.403 GC heap before
{Heap before GC invocations=4 (full 0):
 garbage-first heap   total 129024K, used 35936K [0x0000000082600000, 0x0000000100000000)
  region size 1024K, 23 young (23552K), 7 survivors (7168K)
 Metaspace       used 35374K, capacity 35745K, committed 35920K, reserved 1081344K
  class space    used 4392K, capacity 4570K, committed 4608K, reserved 1048576K
}
Event: 13.433 GC heap after
{Heap after GC invocations=5 (full 0):
 garbage-first heap   total 129024K, used 20239K [0x0000000082600000, 0x0000000100000000)
  region size 1024K, 2 young (2048K), 2 survivors (2048K)
 Metaspace       used 35374K, capacity 35745K, committed 35920K, reserved 1081344K
  class space    used 4392K, capacity 4570K, committed 4608K, reserved 1048576K
}

