# JRE version: Java(TM) SE Runtime Environment 18.9 (11.0.17+10) (build 11.0.17+10-LTS-269)
# Java VM: Java HotSpot(TM) 64-Bit Server VM 18.9 (11.0.17+10-LTS-269, mixed mode, tiered, compressed oops, g1 gc, windows-amd64)
Heap:
 garbage-first heap   total 561152K, used 326526K [0x0000000080000000, 0x0000000100000000)
  region size 1024K, 3 young (3072K), 3 survivors (3072K)
 Metaspace       used 133961K, capacity 139485K, committed 139592K, reserved 636928K
  class space    used 17810K, capacity 19945K, committed 19968K, reserved 516096K
GC Heap History (10 events):
Event: 139.048 GC heap after
{Heap after GC invocations=107 (full 0):
 garbage-first heap   total 358400K, used 294843K [0x0000000080000000, 0x0000000100000000)
  region size 1024K, 3 young (3072K), 3 survivors (3072K)
 Metaspace       used 131484K, capacity 136936K, committed 137032K, reserved 634880K
  class space    used 17340K, capacity 19446K, committed 19456K, reserved 516096K
}
Event: 139.393 GC heap before
{Heap before GC invocations=107 (full 0):
 garbage-first heap   total 358400K, used 311227K [0x0000000080000000, 0x0000000100000000)
  region size 1024K, 18 young (18432K), 3 survivors (3072K)
 Metaspace       used 131529K, capacity 136936K, committed 137032K, reserved 634880K
  class space    used 17344K, capacity 19446K, committed 19456K, reserved 516096K
}
Event: 139.411 GC heap after
{Heap after GC invocations=108 (full 0):
 garbage-first heap   total 358400K, used 303461K [0x0000000080000000, 0x0000000100000000)
  region size 1024K, 3 young (3072K), 3 survivors (3072K)
 Metaspace       used 131529K, capacity 136936K, committed 137032K, reserved 634880K
  class space    used 17344K, capacity 19446K, committed 19456K, reserved 516096K
}
Event: 139.820 GC heap before
{Heap before GC invocations=108 (full 0):
 garbage-first heap   total 358400K, used 316773K [0x0000000080000000, 0x0000000100000000)
  region size 1024K, 17 young (17408K), 3 survivors (3072K)
 Metaspace       used 131529K, capacity 136936K, committed 137032K, reserved 634880K
  class space    used 17344K, capacity 19446K, committed 19456K, reserved 516096K
}
Event: 139.847 GC heap after
{Heap after GC invocations=109 (full 0):
 garbage-first heap   total 358400K, used 309125K [0x0000000080000000, 0x0000000100000000)
  region size 1024K, 3 young (3072K), 3 survivors (3072K)
 Metaspace       used 131529K, capacity 136936K, committed 137032K, reserved 634880K
  class space    used 17344K, capacity 19446K, committed 19456K, reserved 516096K
}
Event: 140.313 GC heap before
{Heap before GC invocations=110 (full 0):
 garbage-first heap   total 358400K, used 323461K [0x0000000080000000, 0x0000000100000000)
  region size 1024K, 17 young (17408K), 3 survivors (3072K)
 Metaspace       used 133880K, capacity 139351K, committed 139592K, reserved 636928K
  class space    used 17810K, capacity 19945K, committed 19968K, reserved 516096K
}
Event: 140.334 GC heap after
{Heap after GC invocations=111 (full 0):
 garbage-first heap   total 358400K, used 313840K [0x0000000080000000, 0x0000000100000000)
  region size 1024K, 3 young (3072K), 3 survivors (3072K)
 Metaspace       used 133880K, capacity 139351K, committed 139592K, reserved 636928K
  class space    used 17810K, capacity 19945K, committed 19968K, reserved 516096K
}
Event: 140.434 GC heap before
{Heap before GC invocations=111 (full 0):
 garbage-first heap   total 358400K, used 328176K [0x0000000080000000, 0x0000000100000000)
  region size 1024K, 17 young (17408K), 3 survivors (3072K)
 Metaspace       used 133924K, capacity 139417K, committed 139592K, reserved 636928K
  class space    used 17810K, capacity 19945K, committed 19968K, reserved 516096K
}
Event: 140.460 GC heap after
{Heap after GC invocations=112 (full 0):
 garbage-first heap   total 358400K, used 318568K [0x0000000080000000, 0x0000000100000000)
  region size 1024K, 3 young (3072K), 3 survivors (3072K)
 Metaspace       used 133924K, capacity 139417K, committed 139592K, reserved 636928K
  class space    used 17810K, capacity 19945K, committed 19968K, reserved 516096K
}
Event: 140.527 GC heap before
{Heap before GC invocations=112 (full 0):
 garbage-first heap   total 358400K, used 332904K [0x0000000080000000, 0x0000000100000000)
  region size 1024K, 17 young (17408K), 3 survivors (3072K)
 Metaspace       used 133961K, capacity 139485K, committed 139592K, reserved 636928K
  class space    used 17810K, capacity 19945K, committed 19968K, reserved 516096K
}

